<?xml version="1.0" encoding="utf-8"?><testsuites name="pytest tests"><testsuite name="pytest" errors="0" failures="0" skipped="0" tests="13" time="1.150" timestamp="2026-02-10T09:36:57.781394+00:00" hostname="agent-env-28e67959-4dcd-43fc-bd20-52c8b451b2e1"><testcase classname="backend.tests.test_partner_locations.TestPartnerPlans" name="test_get_partner_plans" time="0.083" /><testcase classname="backend.tests.test_partner_locations.TestPartnerProfile" name="test_get_partner_profile" time="0.038" /><testcase classname="backend.tests.test_partner_locations.TestPartnerLocations" name="test_get_partner_locations" time="0.037" /><testcase classname="backend.tests.test_partner_locations.TestPartnerLocations" name="test_add_new_location" time="0.041" /><testcase classname="backend.tests.test_partner_locations.TestPartnerLocations" name="test_update_location" time="0.080" /><testcase classname="backend.tests.test_partner_locations.TestPartnerLocations" name="test_set_primary_location" time="0.068" /><testcase classname="backend.tests.test_partner_locations.TestPartnerLocations" name="test_delete_location" time="0.108" /><testcase classname="backend.tests.test_partner_locations.TestPlanLimitEnforcement" name="test_starter_plan_limit" time="0.331" /><testcase classname="backend.tests.test_partner_locations.TestPartnerOffers" name="test_create_offer_with_location" time="0.080" /><testcase classname="backend.tests.test_partner_locations.TestPartnerOffers" name="test_create_offer_invalid_location" time="0.038" /><testcase classname="backend.tests.test_partner_locations.TestPartnerOffers" name="test_get_partner_offers" time="0.039" /><testcase classname="backend.tests.test_partner_locations.TestLocationDropdownData" name="test_locations_have_required_fields_for_dropdown" time="0.038" /><testcase classname="backend.tests.test_partner_locations.TestLocationDropdownData" name="test_primary_location_indicator" time="0.037" /></testsuite></testsuites>