<?xml version="1.0" encoding="utf-8"?><testsuites name="pytest tests"><testsuite name="pytest" errors="0" failures="0" skipped="0" tests="19" time="2.939" timestamp="2026-02-18T11:49:30.899773+00:00" hostname="agent-env-058c4585-fc52-4509-92db-bfb649b41cb7"><testcase classname="backend.tests.test_trip_route_analytics.TestTripHistoryDetailed" name="test_get_trip_history_default" time="0.235" /><testcase classname="backend.tests.test_trip_route_analytics.TestTripHistoryDetailed" name="test_trip_analytics_structure" time="0.116" /><testcase classname="backend.tests.test_trip_route_analytics.TestTripHistoryDetailed" name="test_trip_history_with_date_filter" time="0.389" /><testcase classname="backend.tests.test_trip_route_analytics.TestFuelPrices" name="test_get_fuel_prices" time="0.107" /><testcase classname="backend.tests.test_trip_route_analytics.TestFuelPrices" name="test_fuel_prices_location" time="0.114" /><testcase classname="backend.tests.test_trip_route_analytics.TestFuelPrices" name="test_nearby_fuel_stations" time="0.097" /><testcase classname="backend.tests.test_trip_route_analytics.TestRouteHistory3D" name="test_get_route_history_3d" time="0.111" /><testcase classname="backend.tests.test_trip_route_analytics.TestRouteHistory3D" name="test_route_3d_structure" time="0.123" /><testcase classname="backend.tests.test_trip_route_analytics.TestRouteHistory3D" name="test_route_3d_date_filter" time="0.333" /><testcase classname="backend.tests.test_trip_route_analytics.TestPersonalizedOffers" name="test_get_personalized_offers" time="0.100" /><testcase classname="backend.tests.test_trip_route_analytics.TestPersonalizedOffers" name="test_personalized_offers_structure" time="0.108" /><testcase classname="backend.tests.test_trip_route_analytics.TestPersonalizedOffers" name="test_personalized_offers_limit" time="0.103" /><testcase classname="backend.tests.test_trip_route_analytics.TestOfferAcceptVoice" name="test_accept_offer_voice" time="0.235" /><testcase classname="backend.tests.test_trip_route_analytics.TestOfferAcceptVoice" name="test_accept_offer_voice_invalid_id" time="0.104" /><testcase classname="backend.tests.test_trip_route_analytics.TestPartnerLocations" name="test_get_partner_profile_with_locations" time="0.108" /><testcase classname="backend.tests.test_trip_route_analytics.TestStandardOffers" name="test_get_offers" time="0.103" /><testcase classname="backend.tests.test_trip_route_analytics.TestStandardOffers" name="test_offer_discount_tiers" time="0.103" /><testcase classname="backend.tests.test_trip_route_analytics.TestHealthAndBasics" name="test_health_endpoint" time="0.101" /><testcase classname="backend.tests.test_trip_route_analytics.TestHealthAndBasics" name="test_user_profile" time="0.113" /></testsuite></testsuites>