<?xml version="1.0" encoding="utf-8"?><testsuites name="pytest tests"><testsuite name="pytest" errors="0" failures="1" skipped="0" tests="15" time="2.715" timestamp="2026-02-23T07:52:58.704524+00:00" hostname="agent-env-5898529b-6ce5-4dbd-97f3-4a9f14d776f1"><testcase classname="backend.tests.test_payment_features.TestPaymentsAPI" name="test_get_subscription_plans" time="0.154" /><testcase classname="backend.tests.test_payment_features.TestPaymentsAPI" name="test_create_checkout_session_premium" time="0.673" /><testcase classname="backend.tests.test_payment_features.TestPaymentsAPI" name="test_create_checkout_session_family" time="0.485" /><testcase classname="backend.tests.test_payment_features.TestPaymentsAPI" name="test_create_checkout_session_rejects_basic" time="0.133" /><testcase classname="backend.tests.test_payment_features.TestPaymentsAPI" name="test_create_checkout_session_invalid_plan" time="0.098" /><testcase classname="backend.tests.test_payment_features.TestPaymentsAPI" name="test_get_transactions" time="0.109" /><testcase classname="backend.tests.test_payment_features.TestBadgesAPI" name="test_badges_returns_array" time="0.106" /><testcase classname="backend.tests.test_payment_features.TestUserCarAPI" name="test_user_car_returns_data" time="0.115" /><testcase classname="backend.tests.test_payment_features.TestDriverAppAPIs" name="test_offers_api" time="0.097" /><testcase classname="backend.tests.test_payment_features.TestDriverAppAPIs" name="test_challenges_api" time="0.102" /><testcase classname="backend.tests.test_payment_features.TestDriverAppAPIs" name="test_skins_api" time="0.099" /><testcase classname="backend.tests.test_payment_features.TestDriverAppAPIs" name="test_user_profile_api" time="0.101" /><testcase classname="backend.tests.test_payment_features.TestDriverAppAPIs" name="test_family_members_api" time="0.102" /><testcase classname="backend.tests.test_payment_features.TestHealthEndpoints" name="test_health" time="0.111" /><testcase classname="backend.tests.test_payment_features.TestHealthEndpoints" name="test_root" time="0.106"><failure message="requests.exceptions.JSONDecodeError: Expecting value: line 1 column 1 (char 0)">/root/.venv/lib/python3.11/site-packages/requests/models.py:976: in json
    return complexjson.loads(self.text, **kwargs)
           ^^^^^^^^^^^^^^^^^^^^^^^^^^^^^^^^^^^^^^
/usr/local/lib/python3.11/json/__init__.py:346: in loads
    return _default_decoder.decode(s)
           ^^^^^^^^^^^^^^^^^^^^^^^^^^
/usr/local/lib/python3.11/json/decoder.py:337: in decode
    obj, end = self.raw_decode(s, idx=_w(s, 0).end())
               ^^^^^^^^^^^^^^^^^^^^^^^^^^^^^^^^^^^^^^
/usr/local/lib/python3.11/json/decoder.py:355: in raw_decode
    raise JSONDecodeError("Expecting value", s, err.value) from None
E   json.decoder.JSONDecodeError: Expecting value: line 1 column 1 (char 0)

During handling of the above exception, another exception occurred:
backend/tests/test_payment_features.py:278: in test_root
    data = response.json()
           ^^^^^^^^^^^^^^^
/root/.venv/lib/python3.11/site-packages/requests/models.py:980: in json
    raise RequestsJSONDecodeError(e.msg, e.doc, e.pos)
E   requests.exceptions.JSONDecodeError: Expecting value: line 1 column 1 (char 0)</failure></testcase></testsuite></testsuites>