<?xml version="1.0" encoding="utf-8"?><testsuites name="pytest tests"><testsuite name="pytest" errors="0" failures="0" skipped="0" tests="6" time="0.380" timestamp="2026-02-08T16:21:50.839229+00:00" hostname="agent-env-6cdf3cc5-3a1c-4477-b0e3-333d9534876f"><testcase classname="backend.tests.test_session_reset.TestSessionReset" name="test_session_reset_endpoint" time="0.056" /><testcase classname="backend.tests.test_session_reset.TestSessionReset" name="test_login_driver_resets_state" time="0.035" /><testcase classname="backend.tests.test_session_reset.TestSessionReset" name="test_login_partner_no_reset" time="0.081" /><testcase classname="backend.tests.test_session_reset.TestSessionReset" name="test_login_admin_no_reset" time="0.038" /><testcase classname="backend.tests.test_session_reset.TestSessionReset" name="test_user_profile_after_reset" time="0.079" /><testcase classname="backend.tests.test_session_reset.TestHealthEndpoint" name="test_health_check" time="0.042" /></testsuite></testsuites>