<?xml version="1.0" encoding="utf-8"?><testsuites name="pytest tests"><testsuite name="pytest" errors="0" failures="0" skipped="0" tests="14" time="0.730" timestamp="2026-02-10T03:34:52.335207+00:00" hostname="agent-env-76b13e80-4b5b-48a5-9969-a1987ac42e10"><testcase classname="backend.tests.test_map_search_navigation.TestMapSearchAPI" name="test_search_by_name" time="0.112" /><testcase classname="backend.tests.test_map_search_navigation.TestMapSearchAPI" name="test_search_by_type" time="0.042" /><testcase classname="backend.tests.test_map_search_navigation.TestMapSearchAPI" name="test_search_by_address" time="0.040" /><testcase classname="backend.tests.test_map_search_navigation.TestMapSearchAPI" name="test_search_returns_distance" time="0.040" /><testcase classname="backend.tests.test_map_search_navigation.TestMapSearchAPI" name="test_search_limit_parameter" time="0.039" /><testcase classname="backend.tests.test_map_search_navigation.TestMapSearchAPI" name="test_search_empty_query_fails" time="0.035" /><testcase classname="backend.tests.test_map_search_navigation.TestMapDirectionsAPI" name="test_get_directions_basic" time="0.035" /><testcase classname="backend.tests.test_map_search_navigation.TestMapDirectionsAPI" name="test_directions_has_steps" time="0.035" /><testcase classname="backend.tests.test_map_search_navigation.TestMapDirectionsAPI" name="test_directions_maneuver_types" time="0.036" /><testcase classname="backend.tests.test_map_search_navigation.TestMapDirectionsAPI" name="test_directions_distance_format" time="0.037" /><testcase classname="backend.tests.test_map_search_navigation.TestMapDirectionsAPI" name="test_directions_duration_format" time="0.037" /><testcase classname="backend.tests.test_map_search_navigation.TestMapDirectionsAPI" name="test_directions_traffic_status" time="0.034" /><testcase classname="backend.tests.test_map_search_navigation.TestDashboardModals" name="test_partner_dashboard_loads" time="0.041" /><testcase classname="backend.tests.test_map_search_navigation.TestDashboardModals" name="test_admin_dashboard_loads" time="0.041" /></testsuite></testsuites>