<?xml version="1.0" encoding="utf-8"?><testsuites name="pytest tests"><testsuite name="pytest" errors="0" failures="0" skipped="0" tests="15" time="1.005" timestamp="2026-02-08T15:09:43.333209+00:00" hostname="agent-env-f4d0b9f5-b3f1-4d90-8053-61d37489737e"><testcase classname="backend.tests.test_redemption_weekly_recap.TestWeeklyRecap" name="test_weekly_recap_returns_success" time="0.118" /><testcase classname="backend.tests.test_redemption_weekly_recap.TestWeeklyRecap" name="test_weekly_recap_has_required_fields" time="0.041" /><testcase classname="backend.tests.test_redemption_weekly_recap.TestWeeklyRecap" name="test_weekly_recap_highlights_is_list" time="0.041" /><testcase classname="backend.tests.test_redemption_weekly_recap.TestWeeklyRecap" name="test_weekly_recap_numeric_values" time="0.037" /><testcase classname="backend.tests.test_redemption_weekly_recap.TestOfferRedemption" name="test_get_offers_returns_list" time="0.042" /><testcase classname="backend.tests.test_redemption_weekly_recap.TestOfferRedemption" name="test_offers_have_required_fields" time="0.047" /><testcase classname="backend.tests.test_redemption_weekly_recap.TestOfferRedemption" name="test_offer_redemption_gives_gems" time="0.076" /><testcase classname="backend.tests.test_redemption_weekly_recap.TestOfferRedemption" name="test_offer_redemption_gives_xp" time="0.083" /><testcase classname="backend.tests.test_redemption_weekly_recap.TestOfferRedemption" name="test_offer_redemption_returns_code" time="0.075" /><testcase classname="backend.tests.test_redemption_weekly_recap.TestOfferRedemption" name="test_cannot_redeem_same_offer_twice" time="0.076" /><testcase classname="backend.tests.test_redemption_weekly_recap.TestOfferGeofencing" name="test_offers_have_location_data" time="0.039" /><testcase classname="backend.tests.test_redemption_weekly_recap.TestOfferGeofencing" name="test_nearby_offers_endpoint" time="0.039" /><testcase classname="backend.tests.test_redemption_weekly_recap.TestUserProfile" name="test_user_has_plan" time="0.036" /><testcase classname="backend.tests.test_redemption_weekly_recap.TestUserProfile" name="test_user_has_gem_multiplier" time="0.036" /><testcase classname="backend.tests.test_redemption_weekly_recap.TestUserProfile" name="test_premium_user_gets_higher_discount" time="0.037" /></testsuite></testsuites>