<?xml version="1.0" encoding="utf-8"?><testsuites name="pytest tests"><testsuite name="pytest" errors="0" failures="0" skipped="0" tests="19" time="2.742" timestamp="2026-02-18T12:22:55.370063+00:00" hostname="agent-env-5e62a3dc-9de0-4f02-a4e9-1abd534ff6af"><testcase classname="backend.tests.test_offer_boosts.TestBoostPricing" name="test_get_boost_pricing" time="0.317" /><testcase classname="backend.tests.test_offer_boosts.TestBoostPricing" name="test_boost_packages_structure" time="0.140" /><testcase classname="backend.tests.test_offer_boosts.TestBoostPricing" name="test_basic_boost_package" time="0.113" /><testcase classname="backend.tests.test_offer_boosts.TestBoostPricing" name="test_standard_boost_package" time="0.106" /><testcase classname="backend.tests.test_offer_boosts.TestBoostPricing" name="test_premium_boost_package" time="0.116" /><testcase classname="backend.tests.test_offer_boosts.TestCreateBoost" name="test_create_boost_success" time="0.212" /><testcase classname="backend.tests.test_offer_boosts.TestCreateBoost" name="test_create_boost_invalid_offer" time="0.113" /><testcase classname="backend.tests.test_offer_boosts.TestCreateBoost" name="test_create_boost_invalid_type" time="0.119" /><testcase classname="backend.tests.test_offer_boosts.TestActiveBoosts" name="test_get_active_boosts" time="0.102" /><testcase classname="backend.tests.test_offer_boosts.TestActiveBoosts" name="test_active_boosts_structure" time="0.107" /><testcase classname="backend.tests.test_offer_boosts.TestCancelBoost" name="test_cancel_nonexistent_boost" time="0.100" /><testcase classname="backend.tests.test_offer_boosts.TestPartnerCredits" name="test_get_partner_credits" time="0.107" /><testcase classname="backend.tests.test_offer_boosts.TestPartnerCredits" name="test_add_partner_credits" time="0.101" /><testcase classname="backend.tests.test_offer_boosts.TestTripHistoryDetailed" name="test_get_trip_history_30_days" time="0.124" /><testcase classname="backend.tests.test_offer_boosts.TestTripHistoryDetailed" name="test_trip_analytics_comprehensive" time="0.290" /><testcase classname="backend.tests.test_offer_boosts.TestRouteHistory3D" name="test_get_route_history_90_days" time="0.102" /><testcase classname="backend.tests.test_offer_boosts.TestRouteHistory3D" name="test_route_coordinates_structure" time="0.115" /><testcase classname="backend.tests.test_offer_boosts.TestRouteHistory3D" name="test_center_coordinates" time="0.108" /><testcase classname="backend.tests.test_offer_boosts.TestHealthCheck" name="test_api_health" time="0.108" /></testsuite></testsuites>