<?xml version="1.0" encoding="utf-8"?><testsuites name="pytest tests"><testsuite name="pytest" errors="0" failures="0" skipped="0" tests="40" time="9.449" timestamp="2026-02-16T14:39:42.472327+00:00" hostname="agent-env-74cec22f-ec09-4f83-8666-0df31d1d1fd5"><testcase classname="backend.tests.test_snaproad_mobile_api.TestHealthAndRoot" name="test_health_check" time="0.143" /><testcase classname="backend.tests.test_snaproad_mobile_api.TestHealthAndRoot" name="test_root_endpoint" time="0.191" /><testcase classname="backend.tests.test_snaproad_mobile_api.TestAuthEndpoints" name="test_login_success" time="0.111" /><testcase classname="backend.tests.test_snaproad_mobile_api.TestAuthEndpoints" name="test_login_invalid_email" time="0.170" /><testcase classname="backend.tests.test_snaproad_mobile_api.TestAuthEndpoints" name="test_login_invalid_password" time="0.138" /><testcase classname="backend.tests.test_snaproad_mobile_api.TestUserProfile" name="test_get_user_profile" time="0.152" /><testcase classname="backend.tests.test_snaproad_mobile_api.TestUserProfile" name="test_get_user_stats" time="0.170" /><testcase classname="backend.tests.test_snaproad_mobile_api.TestUserProfile" name="test_get_user_car" time="0.246" /><testcase classname="backend.tests.test_snaproad_mobile_api.TestUserProfile" name="test_update_user_car" time="0.253" /><testcase classname="backend.tests.test_snaproad_mobile_api.TestPlanSelection" name="test_get_pricing" time="0.186" /><testcase classname="backend.tests.test_snaproad_mobile_api.TestPlanSelection" name="test_get_user_plan" time="0.133" /><testcase classname="backend.tests.test_snaproad_mobile_api.TestPlanSelection" name="test_select_basic_plan" time="0.317" /><testcase classname="backend.tests.test_snaproad_mobile_api.TestPlanSelection" name="test_select_premium_plan" time="0.376" /><testcase classname="backend.tests.test_snaproad_mobile_api.TestPlanSelection" name="test_get_onboarding_status" time="0.167" /><testcase classname="backend.tests.test_snaproad_mobile_api.TestRoutes" name="test_get_routes" time="0.138" /><testcase classname="backend.tests.test_snaproad_mobile_api.TestRoutes" name="test_add_route" time="0.311" /><testcase classname="backend.tests.test_snaproad_mobile_api.TestRoutes" name="test_toggle_route" time="0.516" /><testcase classname="backend.tests.test_snaproad_mobile_api.TestOffers" name="test_get_offers" time="0.149" /><testcase classname="backend.tests.test_snaproad_mobile_api.TestOffers" name="test_offers_have_correct_structure" time="0.195" /><testcase classname="backend.tests.test_snaproad_mobile_api.TestOffers" name="test_get_nearby_offers" time="0.117" /><testcase classname="backend.tests.test_snaproad_mobile_api.TestChallenges" name="test_get_challenges" time="0.159" /><testcase classname="backend.tests.test_snaproad_mobile_api.TestChallenges" name="test_challenges_have_correct_structure" time="0.146" /><testcase classname="backend.tests.test_snaproad_mobile_api.TestBadges" name="test_get_badges" time="0.110" /><testcase classname="backend.tests.test_snaproad_mobile_api.TestBadges" name="test_get_badges_by_category" time="0.223" /><testcase classname="backend.tests.test_snaproad_mobile_api.TestBadges" name="test_get_badge_categories" time="0.133" /><testcase classname="backend.tests.test_snaproad_mobile_api.TestLeaderboard" name="test_get_leaderboard" time="0.117" /><testcase classname="backend.tests.test_snaproad_mobile_api.TestLeaderboard" name="test_leaderboard_entry_structure" time="0.153" /><testcase classname="backend.tests.test_snaproad_mobile_api.TestLeaderboard" name="test_leaderboard_filter_by_state" time="0.198" /><testcase classname="backend.tests.test_snaproad_mobile_api.TestFriends" name="test_get_friends" time="0.160" /><testcase classname="backend.tests.test_snaproad_mobile_api.TestFriends" name="test_search_user_by_id" time="0.264" /><testcase classname="backend.tests.test_snaproad_mobile_api.TestFriends" name="test_add_friend" time="0.479" /><testcase classname="backend.tests.test_snaproad_mobile_api.TestReports" name="test_get_reports" time="0.209" /><testcase classname="backend.tests.test_snaproad_mobile_api.TestReports" name="test_get_my_reports" time="0.142" /><testcase classname="backend.tests.test_snaproad_mobile_api.TestReports" name="test_create_report" time="0.256" /><testcase classname="backend.tests.test_snaproad_mobile_api.TestReports" name="test_report_types_valid" time="1.600" /><testcase classname="backend.tests.test_snaproad_mobile_api.TestTrips" name="test_get_trip_history" time="0.157" /><testcase classname="backend.tests.test_snaproad_mobile_api.TestTrips" name="test_trip_entry_structure" time="0.136" /><testcase classname="backend.tests.test_snaproad_mobile_api.TestSessionReset" name="test_session_reset" time="0.190" /><testcase classname="backend.tests.test_snaproad_mobile_api.TestCommunityBadges" name="test_get_community_badges" time="0.187" /><testcase classname="backend.tests.test_snaproad_mobile_api.TestDrivingScore" name="test_get_driving_score" time="0.140" /></testsuite></testsuites>