<?xml version="1.0" encoding="utf-8"?><testsuites name="pytest tests"><testsuite name="pytest" errors="0" failures="0" skipped="0" tests="17" time="9.117" timestamp="2026-02-22T13:35:02.752123+00:00" hostname="agent-env-086a436b-a742-4d3e-abc6-04f1fbdeac84"><testcase classname="backend.tests.test_websocket_moderation.TestModerationHTTPEndpoints" name="test_moderation_status_200" time="0.206" /><testcase classname="backend.tests.test_websocket_moderation.TestModerationHTTPEndpoints" name="test_moderation_status_has_queue_size" time="0.140" /><testcase classname="backend.tests.test_websocket_moderation.TestModerationHTTPEndpoints" name="test_moderation_status_has_live_admin_connections" time="0.128" /><testcase classname="backend.tests.test_websocket_moderation.TestModerationHTTPEndpoints" name="test_moderation_status_live_true" time="0.108" /><testcase classname="backend.tests.test_websocket_moderation.TestModerationHTTPEndpoints" name="test_simulate_incident_201_or_200" time="0.109" /><testcase classname="backend.tests.test_websocket_moderation.TestModerationHTTPEndpoints" name="test_simulate_incident_returns_incident" time="0.096" /><testcase classname="backend.tests.test_websocket_moderation.TestModerationHTTPEndpoints" name="test_simulate_incident_updates_queue_size" time="0.314" /><testcase classname="backend.tests.test_websocket_moderation.TestModerationHTTPEndpoints" name="test_simulate_incident_has_admin_connections_field" time="0.097" /><testcase classname="backend.tests.test_websocket_moderation.TestSupabaseStatus" name="test_supabase_status_200" time="1.911" /><testcase classname="backend.tests.test_websocket_moderation.TestSupabaseStatus" name="test_supabase_status_has_migration_needed" time="0.540" /><testcase classname="backend.tests.test_websocket_moderation.TestWebSocketAdminModeration" name="test_ws_endpoint_accepts_connection" time="0.238" /><testcase classname="backend.tests.test_websocket_moderation.TestWebSocketAdminModeration" name="test_ws_receives_backlog_on_connect" time="0.158" /><testcase classname="backend.tests.test_websocket_moderation.TestWebSocketAdminModeration" name="test_ws_receives_new_incident_on_simulate" time="4.151" /><testcase classname="backend.tests.test_websocket_moderation.TestPartnerEndpoints" name="test_partner_login_200" time="0.363" /><testcase classname="backend.tests.test_websocket_moderation.TestPartnerEndpoints" name="test_partner_credits_endpoint" time="0.281" /><testcase classname="backend.tests.test_websocket_moderation.TestPartnerEndpoints" name="test_admin_analytics_200" time="0.109" /><testcase classname="backend.tests.test_websocket_moderation.TestPartnerEndpoints" name="test_health_check" time="0.107" /></testsuite></testsuites>