<?xml version="1.0" encoding="utf-8"?><testsuites name="pytest tests"><testsuite name="pytest" errors="0" failures="0" skipped="0" tests="22" time="0.897" timestamp="2026-02-02T07:00:24.980602+00:00" hostname="agent-env-24698dfe-4cd0-4245-a18a-1559175c8c1b"><testcase classname="backend.tests.test_new_features.TestFriendsHub" name="test_get_friends_list" time="0.057" /><testcase classname="backend.tests.test_new_features.TestFriendsHub" name="test_search_user_by_valid_id" time="0.038" /><testcase classname="backend.tests.test_new_features.TestFriendsHub" name="test_search_user_by_invalid_id" time="0.041" /><testcase classname="backend.tests.test_new_features.TestFriendsHub" name="test_add_friend" time="0.039" /><testcase classname="backend.tests.test_new_features.TestFriendsHub" name="test_remove_friend" time="0.036" /><testcase classname="backend.tests.test_new_features.TestLeaderboard" name="test_get_leaderboard_all_states" time="0.037" /><testcase classname="backend.tests.test_new_features.TestLeaderboard" name="test_get_leaderboard_by_state" time="0.037" /><testcase classname="backend.tests.test_new_features.TestLeaderboard" name="test_leaderboard_has_states_list" time="0.037" /><testcase classname="backend.tests.test_new_features.TestBadgesGrid" name="test_get_all_badges" time="0.039" /><testcase classname="backend.tests.test_new_features.TestBadgesGrid" name="test_badges_have_six_categories" time="0.041" /><testcase classname="backend.tests.test_new_features.TestBadgesGrid" name="test_get_badges_by_category" time="0.039" /><testcase classname="backend.tests.test_new_features.TestBadgesGrid" name="test_get_badge_categories_stats" time="0.036" /><testcase classname="backend.tests.test_new_features.TestCarStudio" name="test_get_all_cars" time="0.038" /><testcase classname="backend.tests.test_new_features.TestCarStudio" name="test_get_all_skins" time="0.038" /><testcase classname="backend.tests.test_new_features.TestCarStudio" name="test_car_has_locked_with_gem_price" time="0.038" /><testcase classname="backend.tests.test_new_features.TestCarStudio" name="test_skin_has_rarity" time="0.035" /><testcase classname="backend.tests.test_new_features.TestCarStudio" name="test_equip_owned_car" time="0.035" /><testcase classname="backend.tests.test_new_features.TestCarStudio" name="test_equip_owned_skin" time="0.041" /><testcase classname="backend.tests.test_new_features.TestCarStudio" name="test_purchase_car_insufficient_gems" time="0.035" /><testcase classname="backend.tests.test_new_features.TestUserProfile" name="test_user_has_6_digit_id" time="0.032" /><testcase classname="backend.tests.test_new_features.TestUserProfile" name="test_user_has_friends_count" time="0.038" /><testcase classname="backend.tests.test_new_features.TestUserProfile" name="test_user_has_badges_earned_count" time="0.034" /></testsuite></testsuites>