<?xml version="1.0" encoding="utf-8"?><testsuites name="pytest tests"><testsuite name="pytest" errors="0" failures="0" skipped="0" tests="21" time="1.291" timestamp="2026-02-08T12:49:18.850284+00:00" hostname="agent-env-f4d0b9f5-b3f1-4d90-8053-61d37489737e"><testcase classname="backend.tests.test_tiered_offers_share_trip.TestHealthAndBasics" name="test_api_health" time="0.062" /><testcase classname="backend.tests.test_tiered_offers_share_trip.TestPlanSelection" name="test_get_pricing_config" time="0.042" /><testcase classname="backend.tests.test_tiered_offers_share_trip.TestPlanSelection" name="test_get_onboarding_status" time="0.035" /><testcase classname="backend.tests.test_tiered_offers_share_trip.TestPlanSelection" name="test_select_basic_plan" time="0.039" /><testcase classname="backend.tests.test_tiered_offers_share_trip.TestPlanSelection" name="test_select_premium_plan" time="0.040" /><testcase classname="backend.tests.test_tiered_offers_share_trip.TestTieredOffers" name="test_get_offers_returns_5_seed_offers" time="0.039" /><testcase classname="backend.tests.test_tiered_offers_share_trip.TestTieredOffers" name="test_offers_have_required_fields" time="0.042" /><testcase classname="backend.tests.test_tiered_offers_share_trip.TestTieredOffers" name="test_offers_discount_info_returned" time="0.039" /><testcase classname="backend.tests.test_tiered_offers_share_trip.TestTieredOffers" name="test_basic_user_gets_6_percent_discount" time="0.076" /><testcase classname="backend.tests.test_tiered_offers_share_trip.TestTieredOffers" name="test_admin_offers_give_18_percent_to_all" time="0.040" /><testcase classname="backend.tests.test_tiered_offers_share_trip.TestTieredOffers" name="test_premium_user_gets_18_percent_discount" time="0.119" /><testcase classname="backend.tests.test_tiered_offers_share_trip.TestTieredOffers" name="test_offer_business_types" time="0.044" /><testcase classname="backend.tests.test_tiered_offers_share_trip.TestOfferRedemption" name="test_redeem_offer_success" time="0.076" /><testcase classname="backend.tests.test_tiered_offers_share_trip.TestOfferRedemption" name="test_redeem_already_redeemed_offer_fails" time="0.077" /><testcase classname="backend.tests.test_tiered_offers_share_trip.TestOfferRedemption" name="test_redeem_nonexistent_offer_fails" time="0.035" /><testcase classname="backend.tests.test_tiered_offers_share_trip.TestShareTripScore" name="test_share_trip_endpoint_exists" time="0.037" /><testcase classname="backend.tests.test_tiered_offers_share_trip.TestShareTripScore" name="test_user_profile_has_trip_stats" time="0.078" /><testcase classname="backend.tests.test_tiered_offers_share_trip.TestGemMultiplier" name="test_basic_user_has_1x_multiplier" time="0.080" /><testcase classname="backend.tests.test_tiered_offers_share_trip.TestGemMultiplier" name="test_premium_user_has_2x_multiplier" time="0.112" /><testcase classname="backend.tests.test_tiered_offers_share_trip.TestCarOnboarding" name="test_get_user_car" time="0.038" /><testcase classname="backend.tests.test_tiered_offers_share_trip.TestCarOnboarding" name="test_update_user_car" time="0.079" /></testsuite></testsuites>