<?xml version="1.0" encoding="utf-8"?><testsuites name="pytest tests"><testsuite name="pytest" errors="0" failures="4" skipped="0" tests="21" time="1.251" timestamp="2026-02-08T10:21:33.368027+00:00" hostname="agent-env-c33312f4-eee7-4e69-b899-b829c705b761"><testcase classname="backend.tests.test_phase2a_xp_reports_badges.TestXPSystem" name="test_get_xp_status" time="0.125" /><testcase classname="backend.tests.test_phase2a_xp_reports_badges.TestXPSystem" name="test_get_xp_config" time="0.077" /><testcase classname="backend.tests.test_phase2a_xp_reports_badges.TestXPSystem" name="test_add_xp_photo_report" time="0.042" /><testcase classname="backend.tests.test_phase2a_xp_reports_badges.TestXPSystem" name="test_add_xp_safe_drive" time="0.039" /><testcase classname="backend.tests.test_phase2a_xp_reports_badges.TestXPSystem" name="test_add_xp_offer_redemption" time="0.035" /><testcase classname="backend.tests.test_phase2a_xp_reports_badges.TestXPSystem" name="test_add_xp_consistent_driving" time="0.041"><failure message="assert False == True">backend/tests/test_phase2a_xp_reports_badges.py:107: in test_add_xp_consistent_driving
    assert data["success"] == True
E   assert False == True</failure></testcase><testcase classname="backend.tests.test_phase2a_xp_reports_badges.TestXPSystem" name="test_add_xp_safety_penalty" time="0.036" /><testcase classname="backend.tests.test_phase2a_xp_reports_badges.TestRoadReports" name="test_get_all_reports" time="0.046" /><testcase classname="backend.tests.test_phase2a_xp_reports_badges.TestRoadReports" name="test_create_road_report" time="0.036" /><testcase classname="backend.tests.test_phase2a_xp_reports_badges.TestRoadReports" name="test_get_my_reports" time="0.042" /><testcase classname="backend.tests.test_phase2a_xp_reports_badges.TestRoadReports" name="test_upvote_report" time="0.076" /><testcase classname="backend.tests.test_phase2a_xp_reports_badges.TestRoadReports" name="test_cannot_upvote_own_report" time="0.077" /><testcase classname="backend.tests.test_phase2a_xp_reports_badges.TestCommunityBadges" name="test_get_community_badges" time="0.038" /><testcase classname="backend.tests.test_phase2a_xp_reports_badges.TestCommunityBadges" name="test_community_badges_no_progress_bars" time="0.038" /><testcase classname="backend.tests.test_phase2a_xp_reports_badges.TestCommunityBadges" name="test_locked_badges_structure" time="0.036" /><testcase classname="backend.tests.test_phase2a_xp_reports_badges.TestTripCompletionWithSafety" name="test_complete_safe_trip" time="0.036"><failure message="AssertionError: assert 'xp_changes' in {'gems': {'earned': 10, 'multiplier': 2}, 'is_safe_drive': True, 'safe_drive_streak': 4, 'safety_score': {'change': 1, 'new': 88, 'old': 87}, ...}">backend/tests/test_phase2a_xp_reports_badges.py:310: in test_complete_safe_trip
    assert "xp_changes" in result
E   AssertionError: assert 'xp_changes' in {'gems': {'earned': 10, 'multiplier': 2}, 'is_safe_drive': True, 'safe_drive_streak': 4, 'safety_score': {'change': 1, 'new': 88, 'old': 87}, ...}</failure></testcase><testcase classname="backend.tests.test_phase2a_xp_reports_badges.TestTripCompletionWithSafety" name="test_complete_unsafe_trip" time="0.038"><failure message="KeyError: 'xp_changes'">backend/tests/test_phase2a_xp_reports_badges.py:341: in test_complete_unsafe_trip
    xp_changes = result["xp_changes"]
                 ^^^^^^^^^^^^^^^^^^^^
E   KeyError: 'xp_changes'</failure></testcase><testcase classname="backend.tests.test_phase2a_xp_reports_badges.TestTripCompletionWithSafety" name="test_consistent_driving_bonus" time="0.039"><failure message="KeyError: 'xp_changes'">backend/tests/test_phase2a_xp_reports_badges.py:366: in test_consistent_driving_bonus
    xp_changes = data["data"]["xp_changes"]
                 ^^^^^^^^^^^^^^^^^^^^^^^^^^
E   KeyError: 'xp_changes'</failure></testcase><testcase classname="backend.tests.test_phase2a_xp_reports_badges.TestUserProfile" name="test_profile_shows_level_and_xp" time="0.036" /><testcase classname="backend.tests.test_phase2a_xp_reports_badges.TestUserProfile" name="test_profile_shows_reports_stats" time="0.034" /><testcase classname="backend.tests.test_phase2a_xp_reports_badges.TestHealthCheck" name="test_api_health" time="0.037" /></testsuite></testsuites>