<?xml version="1.0" encoding="utf-8"?><testsuites name="pytest tests"><testsuite name="pytest" errors="0" failures="0" skipped="0" tests="20" time="2.476" timestamp="2026-02-23T07:04:54.684705+00:00" hostname="agent-env-5898529b-6ce5-4dbd-97f3-4a9f14d776f1"><testcase classname="tests.test_driver_app_features.TestHealthEndpoint" name="test_health_check" time="0.187" /><testcase classname="tests.test_driver_app_features.TestBadgesEndpoint" name="test_badges_returns_success" time="0.146" /><testcase classname="tests.test_driver_app_features.TestBadgesEndpoint" name="test_badges_data_structure" time="0.128" /><testcase classname="tests.test_driver_app_features.TestBadgesEndpoint" name="test_badges_count" time="0.111" /><testcase classname="tests.test_driver_app_features.TestUserCarEndpoint" name="test_user_car_returns_success" time="0.136" /><testcase classname="tests.test_driver_app_features.TestUserCarEndpoint" name="test_user_car_data_structure" time="0.111" /><testcase classname="tests.test_driver_app_features.TestUserCarEndpoint" name="test_user_car_owned_colors" time="0.102" /><testcase classname="tests.test_driver_app_features.TestOffersEndpoint" name="test_offers_returns_success" time="0.107" /><testcase classname="tests.test_driver_app_features.TestOffersEndpoint" name="test_offers_data_is_list" time="0.104" /><testcase classname="tests.test_driver_app_features.TestOffersEndpoint" name="test_offer_structure" time="0.102" /><testcase classname="tests.test_driver_app_features.TestUserProfileEndpoint" name="test_user_profile_returns_success" time="0.099" /><testcase classname="tests.test_driver_app_features.TestUserProfileEndpoint" name="test_user_profile_data_structure" time="0.113" /><testcase classname="tests.test_driver_app_features.TestChallengesEndpoint" name="test_challenges_returns_success" time="0.128" /><testcase classname="tests.test_driver_app_features.TestChallengesEndpoint" name="test_challenges_data_is_list" time="0.119" /><testcase classname="tests.test_driver_app_features.TestOnboardingStatusEndpoint" name="test_onboarding_status_returns_success" time="0.139" /><testcase classname="tests.test_driver_app_features.TestOnboardingStatusEndpoint" name="test_onboarding_status_fields" time="0.125" /><testcase classname="tests.test_driver_app_features.TestLocationsRoutesEndpoints" name="test_locations_returns_success" time="0.103" /><testcase classname="tests.test_driver_app_features.TestLocationsRoutesEndpoints" name="test_routes_returns_success" time="0.099" /><testcase classname="tests.test_driver_app_features.TestSkinsEndpoint" name="test_skins_returns_success" time="0.146" /><testcase classname="tests.test_driver_app_features.TestFamilyEndpoint" name="test_family_members_returns_success" time="0.102" /></testsuite></testsuites>