<?xml version="1.0" encoding="utf-8"?><testsuites name="pytest tests"><testsuite name="pytest" errors="0" failures="0" skipped="0" tests="17" time="21.596" timestamp="2026-02-09T00:56:21.931702+00:00" hostname="agent-env-6cdf3cc5-3a1c-4477-b0e3-333d9534876f"><testcase classname="backend.tests.test_partner_admin_features.TestBoostSystem" name="test_boost_calculate_basic" time="0.087" /><testcase classname="backend.tests.test_partner_admin_features.TestBoostSystem" name="test_boost_calculate_extended_duration" time="0.041" /><testcase classname="backend.tests.test_partner_admin_features.TestBoostSystem" name="test_boost_calculate_extended_reach" time="0.045" /><testcase classname="backend.tests.test_partner_admin_features.TestBoostSystem" name="test_boost_calculate_max_values" time="0.038" /><testcase classname="backend.tests.test_partner_admin_features.TestBoostSystem" name="test_boost_create" time="0.045" /><testcase classname="backend.tests.test_partner_admin_features.TestBoostSystem" name="test_boost_list" time="0.044" /><testcase classname="backend.tests.test_partner_admin_features.TestAnalyticsDashboard" name="test_analytics_dashboard_default" time="0.039" /><testcase classname="backend.tests.test_partner_admin_features.TestAnalyticsDashboard" name="test_analytics_dashboard_chart_data" time="0.041" /><testcase classname="backend.tests.test_partner_admin_features.TestAnalyticsDashboard" name="test_analytics_dashboard_geo_data" time="0.044" /><testcase classname="backend.tests.test_partner_admin_features.TestAdminFeatures" name="test_admin_analytics" time="0.038" /><testcase classname="backend.tests.test_partner_admin_features.TestAdminFeatures" name="test_admin_create_offer" time="0.045" /><testcase classname="backend.tests.test_partner_admin_features.TestAdminFeatures" name="test_admin_export_offers_json" time="0.051" /><testcase classname="backend.tests.test_partner_admin_features.TestAdminFeatures" name="test_admin_export_offers_csv" time="0.046" /><testcase classname="backend.tests.test_partner_admin_features.TestAdminFeatures" name="test_admin_export_users_json" time="0.040" /><testcase classname="backend.tests.test_partner_admin_features.TestAdminFeatures" name="test_admin_import_offers" time="0.036" /><testcase classname="backend.tests.test_partner_admin_features.TestAIImageGeneration" name="test_image_generate_endpoint_exists" time="20.618" /><testcase classname="backend.tests.test_partner_admin_features.TestPortalRouting" name="test_health_endpoint" time="0.052" /></testsuite></testsuites>