<?xml version="1.0" encoding="utf-8"?><testsuites name="pytest tests"><testsuite name="pytest" errors="0" failures="1" skipped="0" tests="21" time="1.439" timestamp="2026-02-08T12:46:00.737292+00:00" hostname="agent-env-f4d0b9f5-b3f1-4d90-8053-61d37489737e"><testcase classname="backend.tests.test_tiered_offers_share_trip.TestHealthAndBasics" name="test_api_health" time="0.082" /><testcase classname="backend.tests.test_tiered_offers_share_trip.TestPlanSelection" name="test_get_pricing_config" time="0.038" /><testcase classname="backend.tests.test_tiered_offers_share_trip.TestPlanSelection" name="test_get_onboarding_status" time="0.042" /><testcase classname="backend.tests.test_tiered_offers_share_trip.TestPlanSelection" name="test_select_basic_plan" time="0.037" /><testcase classname="backend.tests.test_tiered_offers_share_trip.TestPlanSelection" name="test_select_premium_plan" time="0.043" /><testcase classname="backend.tests.test_tiered_offers_share_trip.TestTieredOffers" name="test_get_offers_returns_5_seed_offers" time="0.038" /><testcase classname="backend.tests.test_tiered_offers_share_trip.TestTieredOffers" name="test_offers_have_required_fields" time="0.043" /><testcase classname="backend.tests.test_tiered_offers_share_trip.TestTieredOffers" name="test_offers_discount_info_returned" time="0.039" /><testcase classname="backend.tests.test_tiered_offers_share_trip.TestTieredOffers" name="test_basic_user_gets_6_percent_discount" time="0.124" /><testcase classname="backend.tests.test_tiered_offers_share_trip.TestTieredOffers" name="test_admin_offers_give_18_percent_to_all" time="0.038" /><testcase classname="backend.tests.test_tiered_offers_share_trip.TestTieredOffers" name="test_premium_user_gets_18_percent_discount" time="0.121" /><testcase classname="backend.tests.test_tiered_offers_share_trip.TestTieredOffers" name="test_offer_business_types" time="0.037" /><testcase classname="backend.tests.test_tiered_offers_share_trip.TestOfferRedemption" name="test_redeem_offer_success" time="0.080" /><testcase classname="backend.tests.test_tiered_offers_share_trip.TestOfferRedemption" name="test_redeem_already_redeemed_offer_fails" time="0.038"><failure message="AssertionError: assert (True == False or 'Already redeemed' in 'Offer redeemed! +25 gems, +700 XP')&#10; +  where 'Offer redeemed! +25 gems, +700 XP' = &lt;built-in method get of dict object at 0xfb8df8d190c0&gt;('message', '')&#10; +    where &lt;built-in method get of dict object at 0xfb8df8d190c0&gt; = {'data': {'discount_percent': 6, 'gems_earned': 25, 'redemption_code': 'SNAP11246', 'xp_earned': 700, ...}, 'message': 'Offer redeemed! +25 gems, +700 XP', 'success': True}.get">backend/tests/test_tiered_offers_share_trip.py:204: in test_redeem_already_redeemed_offer_fails
    assert data["success"] == False or "Already redeemed" in data.get("message", "")
E   AssertionError: assert (True == False or 'Already redeemed' in 'Offer redeemed! +25 gems, +700 XP')
E    +  where 'Offer redeemed! +25 gems, +700 XP' = &lt;built-in method get of dict object at 0xfb8df8d190c0&gt;('message', '')
E    +    where &lt;built-in method get of dict object at 0xfb8df8d190c0&gt; = {'data': {'discount_percent': 6, 'gems_earned': 25, 'redemption_code': 'SNAP11246', 'xp_earned': 700, ...}, 'message': 'Offer redeemed! +25 gems, +700 XP', 'success': True}.get</failure></testcase><testcase classname="backend.tests.test_tiered_offers_share_trip.TestOfferRedemption" name="test_redeem_nonexistent_offer_fails" time="0.036" /><testcase classname="backend.tests.test_tiered_offers_share_trip.TestShareTripScore" name="test_share_trip_endpoint_exists" time="0.037" /><testcase classname="backend.tests.test_tiered_offers_share_trip.TestShareTripScore" name="test_user_profile_has_trip_stats" time="0.038" /><testcase classname="backend.tests.test_tiered_offers_share_trip.TestGemMultiplier" name="test_basic_user_has_1x_multiplier" time="0.073" /><testcase classname="backend.tests.test_tiered_offers_share_trip.TestGemMultiplier" name="test_premium_user_has_2x_multiplier" time="0.116" /><testcase classname="backend.tests.test_tiered_offers_share_trip.TestCarOnboarding" name="test_get_user_car" time="0.038" /><testcase classname="backend.tests.test_tiered_offers_share_trip.TestCarOnboarding" name="test_update_user_car" time="0.076" /></testsuite></testsuites>