<?xml version="1.0" encoding="utf-8"?><testsuites name="pytest tests"><testsuite name="pytest" errors="0" failures="0" skipped="0" tests="14" time="2.566" timestamp="2026-02-21T10:07:45.384840+00:00" hostname="agent-env-a2d177fd-77d0-4ca2-970e-d9c19120067e"><testcase classname="tests.test_new_features_iter28.TestHealthAndBasicAPIs" name="test_health_endpoint" time="0.170" /><testcase classname="tests.test_new_features_iter28.TestHealthAndBasicAPIs" name="test_driver_login" time="0.099" /><testcase classname="tests.test_new_features_iter28.TestBulkOfferUpload" name="test_bulk_upload_single_offer" time="0.101" /><testcase classname="tests.test_new_features_iter28.TestBulkOfferUpload" name="test_bulk_upload_multiple_offers" time="0.138" /><testcase classname="tests.test_new_features_iter28.TestBulkOfferUpload" name="test_bulk_upload_with_all_fields" time="0.201" /><testcase classname="tests.test_new_features_iter28.TestGemsOnRoute" name="test_generate_route_gems" time="0.132" /><testcase classname="tests.test_new_features_iter28.TestGemsOnRoute" name="test_collect_gem" time="0.196" /><testcase classname="tests.test_new_features_iter28.TestGemsOnRoute" name="test_trip_summary" time="0.494" /><testcase classname="tests.test_new_features_iter28.TestOffersOnRoute" name="test_offers_on_route_basic" time="0.145" /><testcase classname="tests.test_new_features_iter28.TestOffersOnRoute" name="test_offers_on_route_empty_params" time="0.105" /><testcase classname="tests.test_new_features_iter28.TestOffersWithAddressAndUrl" name="test_offers_have_address" time="0.094" /><testcase classname="tests.test_new_features_iter28.TestOffersWithAddressAndUrl" name="test_offers_have_offer_url" time="0.097" /><testcase classname="tests.test_new_features_iter28.TestOfferRedemption" name="test_redeem_offer" time="0.289" /><testcase classname="tests.test_new_features_iter28.TestAdminDashboardOfferManagement" name="test_get_all_offers_as_admin" time="0.225" /></testsuite></testsuites>