<?xml version="1.0" encoding="utf-8"?><testsuites name="pytest tests"><testsuite name="pytest" errors="0" failures="0" skipped="0" tests="21" time="1.085" timestamp="2026-02-08T10:22:24.432783+00:00" hostname="agent-env-c33312f4-eee7-4e69-b899-b829c705b761"><testcase classname="backend.tests.test_phase2a_xp_reports_badges.TestXPSystem" name="test_get_xp_status" time="0.077" /><testcase classname="backend.tests.test_phase2a_xp_reports_badges.TestXPSystem" name="test_get_xp_config" time="0.041" /><testcase classname="backend.tests.test_phase2a_xp_reports_badges.TestXPSystem" name="test_add_xp_photo_report" time="0.037" /><testcase classname="backend.tests.test_phase2a_xp_reports_badges.TestXPSystem" name="test_add_xp_safe_drive" time="0.037" /><testcase classname="backend.tests.test_phase2a_xp_reports_badges.TestXPSystem" name="test_add_xp_offer_redemption" time="0.038" /><testcase classname="backend.tests.test_phase2a_xp_reports_badges.TestXPSystem" name="test_add_xp_consistent_bonus" time="0.037" /><testcase classname="backend.tests.test_phase2a_xp_reports_badges.TestXPSystem" name="test_add_xp_safety_penalty" time="0.038" /><testcase classname="backend.tests.test_phase2a_xp_reports_badges.TestRoadReports" name="test_get_all_reports" time="0.035" /><testcase classname="backend.tests.test_phase2a_xp_reports_badges.TestRoadReports" name="test_create_road_report" time="0.076" /><testcase classname="backend.tests.test_phase2a_xp_reports_badges.TestRoadReports" name="test_get_my_reports" time="0.039" /><testcase classname="backend.tests.test_phase2a_xp_reports_badges.TestRoadReports" name="test_upvote_report" time="0.075" /><testcase classname="backend.tests.test_phase2a_xp_reports_badges.TestRoadReports" name="test_cannot_upvote_own_report" time="0.074" /><testcase classname="backend.tests.test_phase2a_xp_reports_badges.TestCommunityBadges" name="test_get_community_badges" time="0.033" /><testcase classname="backend.tests.test_phase2a_xp_reports_badges.TestCommunityBadges" name="test_community_badges_no_progress_bars" time="0.035" /><testcase classname="backend.tests.test_phase2a_xp_reports_badges.TestCommunityBadges" name="test_locked_badges_structure" time="0.038" /><testcase classname="backend.tests.test_phase2a_xp_reports_badges.TestTripCompletionWithSafety" name="test_complete_safe_trip" time="0.031" /><testcase classname="backend.tests.test_phase2a_xp_reports_badges.TestTripCompletionWithSafety" name="test_complete_unsafe_trip" time="0.039" /><testcase classname="backend.tests.test_phase2a_xp_reports_badges.TestTripCompletionWithSafety" name="test_consistent_driving_bonus" time="0.109" /><testcase classname="backend.tests.test_phase2a_xp_reports_badges.TestUserProfile" name="test_profile_shows_level_and_xp" time="0.037" /><testcase classname="backend.tests.test_phase2a_xp_reports_badges.TestUserProfile" name="test_profile_shows_reports_stats" time="0.034" /><testcase classname="backend.tests.test_phase2a_xp_reports_badges.TestHealthCheck" name="test_api_health" time="0.035" /></testsuite></testsuites>