<?xml version="1.0" encoding="utf-8"?><testsuites name="pytest tests"><testsuite name="pytest" errors="0" failures="0" skipped="0" tests="18" time="8.572" timestamp="2026-02-18T10:59:33.666408+00:00" hostname="agent-env-ba3bee14-c174-4181-a1ab-15200a5d3a9e"><testcase classname="tests.test_orion_partner_v2.TestOrionAICoach" name="test_orion_quick_tips" time="0.004" /><testcase classname="tests.test_orion_partner_v2.TestOrionAICoach" name="test_orion_chat_message" time="2.640" /><testcase classname="tests.test_orion_partner_v2.TestOrionAICoach" name="test_orion_chat_without_session_id" time="3.011" /><testcase classname="tests.test_orion_partner_v2.TestOrionAICoach" name="test_orion_get_history" time="1.679" /><testcase classname="tests.test_orion_partner_v2.TestOrionAICoach" name="test_orion_clear_session" time="1.093" /><testcase classname="tests.test_orion_partner_v2.TestPartnerLoginV2" name="test_partner_login_success" time="0.002" /><testcase classname="tests.test_orion_partner_v2.TestPartnerLoginV2" name="test_partner_login_invalid_credentials" time="0.002" /><testcase classname="tests.test_orion_partner_v2.TestPartnerLoginV2" name="test_partner_profile" time="0.001" /><testcase classname="tests.test_orion_partner_v2.TestPartnerTeamV2" name="test_get_team_members" time="0.001" /><testcase classname="tests.test_orion_partner_v2.TestPartnerTeamV2" name="test_invite_team_member_email" time="0.002" /><testcase classname="tests.test_orion_partner_v2.TestPartnerTeamV2" name="test_invite_team_member_code" time="0.002" /><testcase classname="tests.test_orion_partner_v2.TestPartnerReferralsV2" name="test_get_referrals" time="0.001" /><testcase classname="tests.test_orion_partner_v2.TestPartnerReferralsV2" name="test_send_referral" time="0.002" /><testcase classname="tests.test_orion_partner_v2.TestPartnerReferralsV2" name="test_use_credits_subscription" time="0.002" /><testcase classname="tests.test_orion_partner_v2.TestPartnerAnalyticsV2" name="test_get_analytics" time="0.002" /><testcase classname="tests.test_orion_partner_v2.TestQRRedemptionV2" name="test_redeem_offer_success" time="0.002" /><testcase classname="tests.test_orion_partner_v2.TestQRRedemptionV2" name="test_redeem_offer_invalid_qr" time="0.002" /><testcase classname="tests.test_orion_partner_v2.TestQRRedemptionV2" name="test_get_recent_redemptions" time="0.002" /></testsuite></testsuites>