<?xml version="1.0" encoding="utf-8"?><testsuites name="pytest tests"><testsuite name="pytest" errors="0" failures="0" skipped="0" tests="23" time="1.416" timestamp="2026-02-08T13:41:35.072883+00:00" hostname="agent-env-f4d0b9f5-b3f1-4d90-8053-61d37489737e"><testcase classname="backend.tests.test_driving_score_challenges.TestDrivingScore" name="test_driving_score_returns_success" time="0.068" /><testcase classname="backend.tests.test_driving_score_challenges.TestDrivingScore" name="test_driving_score_has_overall_score" time="0.038" /><testcase classname="backend.tests.test_driving_score_challenges.TestDrivingScore" name="test_driving_score_has_six_metrics" time="0.078" /><testcase classname="backend.tests.test_driving_score_challenges.TestDrivingScore" name="test_driving_score_metrics_have_required_fields" time="0.081" /><testcase classname="backend.tests.test_driving_score_challenges.TestDrivingScore" name="test_driving_score_has_orion_tips" time="0.079" /><testcase classname="backend.tests.test_driving_score_challenges.TestDrivingScore" name="test_orion_tips_have_required_fields" time="0.037" /><testcase classname="backend.tests.test_driving_score_challenges.TestDrivingScore" name="test_orion_tips_priority_order" time="0.039" /><testcase classname="backend.tests.test_driving_score_challenges.TestChallengeCreation" name="test_challenge_requires_gems" time="0.037" /><testcase classname="backend.tests.test_driving_score_challenges.TestChallengeCreation" name="test_challenge_invalid_opponent" time="0.040" /><testcase classname="backend.tests.test_driving_score_challenges.TestChallengeCreation" name="test_get_challenges_returns_list" time="0.038" /><testcase classname="backend.tests.test_driving_score_challenges.TestLeaderboardWithChallengeButtons" name="test_leaderboard_returns_users" time="0.040" /><testcase classname="backend.tests.test_driving_score_challenges.TestLeaderboardWithChallengeButtons" name="test_leaderboard_entries_have_required_fields" time="0.037" /><testcase classname="backend.tests.test_driving_score_challenges.TestLeaderboardWithChallengeButtons" name="test_leaderboard_includes_current_user" time="0.044" /><testcase classname="backend.tests.test_driving_score_challenges.TestUserProfile" name="test_user_profile_has_gems" time="0.044" /><testcase classname="backend.tests.test_driving_score_challenges.TestUserProfile" name="test_user_profile_has_premium_status" time="0.036" /><testcase classname="backend.tests.test_driving_score_challenges.TestUserProfile" name="test_user_profile_has_safety_score" time="0.038" /><testcase classname="backend.tests.test_driving_score_challenges.TestChallengeStakeValidation" name="test_stake_50_requires_50_gems" time="0.120" /><testcase classname="backend.tests.test_driving_score_challenges.TestChallengeStakeValidation" name="test_stake_100_requires_100_gems" time="0.076" /><testcase classname="backend.tests.test_driving_score_challenges.TestChallengeStakeValidation" name="test_stake_250_requires_250_gems" time="0.074" /><testcase classname="backend.tests.test_driving_score_challenges.TestChallengeStakeValidation" name="test_stake_500_requires_500_gems" time="0.078" /><testcase classname="backend.tests.test_driving_score_challenges.TestChallengeDurations" name="test_24h_duration_valid" time="0.042" /><testcase classname="backend.tests.test_driving_score_challenges.TestChallengeDurations" name="test_72h_duration_valid" time="0.035" /><testcase classname="backend.tests.test_driving_score_challenges.TestChallengeDurations" name="test_168h_duration_valid" time="0.036" /></testsuite></testsuites>