<?xml version="1.0" encoding="utf-8"?><testsuites name="pytest tests"><testsuite name="pytest" errors="0" failures="1" skipped="0" tests="38" time="1.900" timestamp="2026-02-02T06:15:42.021719+00:00" hostname="agent-env-24698dfe-4cd0-4245-a18a-1559175c8c1b"><testcase classname="backend.tests.test_snaproad_api.TestHealthEndpoints" name="test_health_check" time="0.074" /><testcase classname="backend.tests.test_snaproad_api.TestHealthEndpoints" name="test_root_endpoint" time="0.044"><failure message="requests.exceptions.JSONDecodeError: Expecting value: line 1 column 1 (char 0)">/root/.venv/lib/python3.11/site-packages/requests/models.py:976: in json
    return complexjson.loads(self.text, **kwargs)
           ^^^^^^^^^^^^^^^^^^^^^^^^^^^^^^^^^^^^^^
/usr/local/lib/python3.11/json/__init__.py:346: in loads
    return _default_decoder.decode(s)
           ^^^^^^^^^^^^^^^^^^^^^^^^^^
/usr/local/lib/python3.11/json/decoder.py:337: in decode
    obj, end = self.raw_decode(s, idx=_w(s, 0).end())
               ^^^^^^^^^^^^^^^^^^^^^^^^^^^^^^^^^^^^^^
/usr/local/lib/python3.11/json/decoder.py:355: in raw_decode
    raise JSONDecodeError("Expecting value", s, err.value) from None
E   json.decoder.JSONDecodeError: Expecting value: line 1 column 1 (char 0)

During handling of the above exception, another exception occurred:
backend/tests/test_snaproad_api.py:34: in test_root_endpoint
    data = response.json()
           ^^^^^^^^^^^^^^^
/root/.venv/lib/python3.11/site-packages/requests/models.py:980: in json
    raise RequestsJSONDecodeError(e.msg, e.doc, e.pos)
E   requests.exceptions.JSONDecodeError: Expecting value: line 1 column 1 (char 0)</failure></testcase><testcase classname="backend.tests.test_snaproad_api.TestUserEndpoints" name="test_get_user_profile" time="0.038" /><testcase classname="backend.tests.test_snaproad_api.TestUserEndpoints" name="test_get_user_stats" time="0.041" /><testcase classname="backend.tests.test_snaproad_api.TestLocationsEndpoints" name="test_get_all_locations" time="0.039" /><testcase classname="backend.tests.test_snaproad_api.TestLocationsEndpoints" name="test_get_locations_by_category" time="0.033" /><testcase classname="backend.tests.test_snaproad_api.TestLocationsEndpoints" name="test_add_location" time="0.038" /><testcase classname="backend.tests.test_snaproad_api.TestLocationsEndpoints" name="test_delete_location" time="0.111" /><testcase classname="backend.tests.test_snaproad_api.TestRoutesEndpoints" name="test_get_all_routes" time="0.040" /><testcase classname="backend.tests.test_snaproad_api.TestRoutesEndpoints" name="test_add_route" time="0.039" /><testcase classname="backend.tests.test_snaproad_api.TestRoutesEndpoints" name="test_toggle_route" time="0.079" /><testcase classname="backend.tests.test_snaproad_api.TestRoutesEndpoints" name="test_toggle_route_notifications" time="0.110" /><testcase classname="backend.tests.test_snaproad_api.TestRoutesEndpoints" name="test_delete_route" time="0.070" /><testcase classname="backend.tests.test_snaproad_api.TestNavigationEndpoints" name="test_start_navigation" time="0.036" /><testcase classname="backend.tests.test_snaproad_api.TestNavigationEndpoints" name="test_stop_navigation" time="0.037" /><testcase classname="backend.tests.test_snaproad_api.TestNavigationEndpoints" name="test_voice_command" time="0.035" /><testcase classname="backend.tests.test_snaproad_api.TestWidgetsEndpoints" name="test_get_widgets" time="0.033" /><testcase classname="backend.tests.test_snaproad_api.TestWidgetsEndpoints" name="test_toggle_widget_visibility" time="0.037" /><testcase classname="backend.tests.test_snaproad_api.TestWidgetsEndpoints" name="test_toggle_widget_collapse" time="0.035" /><testcase classname="backend.tests.test_snaproad_api.TestWidgetsEndpoints" name="test_update_widget_position" time="0.038" /><testcase classname="backend.tests.test_snaproad_api.TestOffersEndpoints" name="test_get_all_offers" time="0.033" /><testcase classname="backend.tests.test_snaproad_api.TestOffersEndpoints" name="test_get_offers_by_type" time="0.034" /><testcase classname="backend.tests.test_snaproad_api.TestOffersEndpoints" name="test_redeem_offer" time="0.037" /><testcase classname="backend.tests.test_snaproad_api.TestOffersEndpoints" name="test_favorite_offer" time="0.033" /><testcase classname="backend.tests.test_snaproad_api.TestIncidentsEndpoints" name="test_report_incident" time="0.035" /><testcase classname="backend.tests.test_snaproad_api.TestIncidentsEndpoints" name="test_get_my_reports" time="0.035" /><testcase classname="backend.tests.test_snaproad_api.TestFamilyEndpoints" name="test_get_family_members" time="0.035" /><testcase classname="backend.tests.test_snaproad_api.TestFamilyEndpoints" name="test_call_family_member" time="0.075" /><testcase classname="backend.tests.test_snaproad_api.TestFamilyEndpoints" name="test_message_family_member" time="0.035" /><testcase classname="backend.tests.test_snaproad_api.TestFamilyEndpoints" name="test_share_location" time="0.075" /><testcase classname="backend.tests.test_snaproad_api.TestBadgesAndSkinsEndpoints" name="test_get_all_badges" time="0.038" /><testcase classname="backend.tests.test_snaproad_api.TestBadgesAndSkinsEndpoints" name="test_get_earned_badges" time="0.034" /><testcase classname="backend.tests.test_snaproad_api.TestBadgesAndSkinsEndpoints" name="test_get_skins" time="0.034" /><testcase classname="backend.tests.test_snaproad_api.TestBadgesAndSkinsEndpoints" name="test_equip_skin" time="0.034" /><testcase classname="backend.tests.test_snaproad_api.TestBadgesAndSkinsEndpoints" name="test_purchase_skin" time="0.035" /><testcase classname="backend.tests.test_snaproad_api.TestSettingsEndpoints" name="test_toggle_voice" time="0.032" /><testcase classname="backend.tests.test_snaproad_api.TestSettingsEndpoints" name="test_update_notifications" time="0.033" /><testcase classname="backend.tests.test_snaproad_api.TestSettingsEndpoints" name="test_get_all_settings" time="0.034" /></testsuite></testsuites>