<?xml version="1.0" encoding="utf-8"?><testsuites name="pytest tests"><testsuite name="pytest" errors="0" failures="16" skipped="0" tests="38" time="4.693" timestamp="2026-02-21T09:17:30.500204+00:00" hostname="agent-env-a2d177fd-77d0-4ca2-970e-d9c19120067e"><testcase classname="backend.tests.test_snaproad_api.TestHealthEndpoints" name="test_health_check" time="0.197" /><testcase classname="backend.tests.test_snaproad_api.TestHealthEndpoints" name="test_root_endpoint" time="0.105"><failure message="requests.exceptions.JSONDecodeError: Expecting value: line 1 column 1 (char 0)">/root/.venv/lib/python3.11/site-packages/requests/models.py:976: in json
    return complexjson.loads(self.text, **kwargs)
           ^^^^^^^^^^^^^^^^^^^^^^^^^^^^^^^^^^^^^^
/usr/local/lib/python3.11/json/__init__.py:346: in loads
    return _default_decoder.decode(s)
           ^^^^^^^^^^^^^^^^^^^^^^^^^^
/usr/local/lib/python3.11/json/decoder.py:337: in decode
    obj, end = self.raw_decode(s, idx=_w(s, 0).end())
               ^^^^^^^^^^^^^^^^^^^^^^^^^^^^^^^^^^^^^^
/usr/local/lib/python3.11/json/decoder.py:355: in raw_decode
    raise JSONDecodeError("Expecting value", s, err.value) from None
E   json.decoder.JSONDecodeError: Expecting value: line 1 column 1 (char 0)

During handling of the above exception, another exception occurred:
backend/tests/test_snaproad_api.py:34: in test_root_endpoint
    data = response.json()
           ^^^^^^^^^^^^^^^
/root/.venv/lib/python3.11/site-packages/requests/models.py:980: in json
    raise RequestsJSONDecodeError(e.msg, e.doc, e.pos)
E   requests.exceptions.JSONDecodeError: Expecting value: line 1 column 1 (char 0)</failure></testcase><testcase classname="backend.tests.test_snaproad_api.TestUserEndpoints" name="test_get_user_profile" time="0.134" /><testcase classname="backend.tests.test_snaproad_api.TestUserEndpoints" name="test_get_user_stats" time="0.103" /><testcase classname="backend.tests.test_snaproad_api.TestLocationsEndpoints" name="test_get_all_locations" time="0.094" /><testcase classname="backend.tests.test_snaproad_api.TestLocationsEndpoints" name="test_get_locations_by_category" time="0.098" /><testcase classname="backend.tests.test_snaproad_api.TestLocationsEndpoints" name="test_add_location" time="0.101" /><testcase classname="backend.tests.test_snaproad_api.TestLocationsEndpoints" name="test_delete_location" time="0.206" /><testcase classname="backend.tests.test_snaproad_api.TestRoutesEndpoints" name="test_get_all_routes" time="0.114" /><testcase classname="backend.tests.test_snaproad_api.TestRoutesEndpoints" name="test_add_route" time="0.099" /><testcase classname="backend.tests.test_snaproad_api.TestRoutesEndpoints" name="test_toggle_route" time="0.206" /><testcase classname="backend.tests.test_snaproad_api.TestRoutesEndpoints" name="test_toggle_route_notifications" time="0.195" /><testcase classname="backend.tests.test_snaproad_api.TestRoutesEndpoints" name="test_delete_route" time="0.191" /><testcase classname="backend.tests.test_snaproad_api.TestNavigationEndpoints" name="test_start_navigation" time="0.112" /><testcase classname="backend.tests.test_snaproad_api.TestNavigationEndpoints" name="test_stop_navigation" time="0.099" /><testcase classname="backend.tests.test_snaproad_api.TestNavigationEndpoints" name="test_voice_command" time="0.125" /><testcase classname="backend.tests.test_snaproad_api.TestWidgetsEndpoints" name="test_get_widgets" time="0.105" /><testcase classname="backend.tests.test_snaproad_api.TestWidgetsEndpoints" name="test_toggle_widget_visibility" time="0.093" /><testcase classname="backend.tests.test_snaproad_api.TestWidgetsEndpoints" name="test_toggle_widget_collapse" time="0.134" /><testcase classname="backend.tests.test_snaproad_api.TestWidgetsEndpoints" name="test_update_widget_position" time="0.095"><failure message="assert 404 == 200&#10; +  where 404 = &lt;Response [404]&gt;.status_code">backend/tests/test_snaproad_api.py:246: in test_update_widget_position
    assert response.status_code == 200
E   assert 404 == 200
E    +  where 404 = &lt;Response [404]&gt;.status_code</failure></testcase><testcase classname="backend.tests.test_snaproad_api.TestOffersEndpoints" name="test_get_all_offers" time="0.106"><failure message="AssertionError: assert 'total_savings' in {'data': [{'business_name': 'Shell Gas Station', 'business_type': 'gas', 'created_by': 'business', 'description': 'Save on your next fill-up!', ...}, {'business_name': 'Starbucks Downtown', 'business_type': 'cafe', 'created_by': 'business', 'description': 'Get a free size upgrade!', ...}, {'business_name': 'Quick Shine Car Wash', 'business_type': 'carwash', 'created_by': 'business', 'description': 'Premium wash at basic price', ...}, {'business_name': 'SnapRoad Partner Deal', 'business_type': 'restaurant', 'created_by': 'admin', 'description': 'Exclusive SnapRoad member discount!', ...}, {'business_name': 'BP Gas Station', 'business_type': 'gas', 'created_by': 'business', 'description': 'Save 10¢/gallon with SnapRoad', ...}], 'discount_info': {'free_discount': 6, 'premium_discount': 18}, 'success': True, 'user_plan': 'basic'}">backend/tests/test_snaproad_api.py:263: in test_get_all_offers
    assert "total_savings" in data
E   AssertionError: assert 'total_savings' in {'data': [{'business_name': 'Shell Gas Station', 'business_type': 'gas', 'created_by': 'business', 'description': 'Save on your next fill-up!', ...}, {'business_name': 'Starbucks Downtown', 'business_type': 'cafe', 'created_by': 'business', 'description': 'Get a free size upgrade!', ...}, {'business_name': 'Quick Shine Car Wash', 'business_type': 'carwash', 'created_by': 'business', 'description': 'Premium wash at basic price', ...}, {'business_name': 'SnapRoad Partner Deal', 'business_type': 'restaurant', 'created_by': 'admin', 'description': 'Exclusive SnapRoad member discount!', ...}, {'business_name': 'BP Gas Station', 'business_type': 'gas', 'created_by': 'business', 'description': 'Save 10¢/gallon with SnapRoad', ...}], 'discount_info': {'free_discount': 6, 'premium_discount': 18}, 'success': True, 'user_plan': 'basic'}</failure></testcase><testcase classname="backend.tests.test_snaproad_api.TestOffersEndpoints" name="test_get_offers_by_type" time="0.098"><failure message="KeyError: 'type'">backend/tests/test_snaproad_api.py:272: in test_get_offers_by_type
    assert offer["type"] == "gas"
           ^^^^^^^^^^^^^
E   KeyError: 'type'</failure></testcase><testcase classname="backend.tests.test_snaproad_api.TestOffersEndpoints" name="test_redeem_offer" time="0.105" /><testcase classname="backend.tests.test_snaproad_api.TestOffersEndpoints" name="test_favorite_offer" time="0.096"><failure message="assert 404 == 200&#10; +  where 404 = &lt;Response [404]&gt;.status_code">backend/tests/test_snaproad_api.py:285: in test_favorite_offer
    assert response.status_code == 200
E   assert 404 == 200
E    +  where 404 = &lt;Response [404]&gt;.status_code</failure></testcase><testcase classname="backend.tests.test_snaproad_api.TestIncidentsEndpoints" name="test_report_incident" time="0.111" /><testcase classname="backend.tests.test_snaproad_api.TestIncidentsEndpoints" name="test_get_my_reports" time="0.098"><failure message="assert 404 == 200&#10; +  where 404 = &lt;Response [404]&gt;.status_code">backend/tests/test_snaproad_api.py:309: in test_get_my_reports
    assert response.status_code == 200
E   assert 404 == 200
E    +  where 404 = &lt;Response [404]&gt;.status_code</failure></testcase><testcase classname="backend.tests.test_snaproad_api.TestFamilyEndpoints" name="test_get_family_members" time="0.098"><failure message="AssertionError: assert 'online_count' in {'data': [], 'success': True}">backend/tests/test_snaproad_api.py:325: in test_get_family_members
    assert "online_count" in data
E   AssertionError: assert 'online_count' in {'data': [], 'success': True}</failure></testcase><testcase classname="backend.tests.test_snaproad_api.TestFamilyEndpoints" name="test_call_family_member" time="0.093"><failure message="assert 404 == 200&#10; +  where 404 = &lt;Response [404]&gt;.status_code">backend/tests/test_snaproad_api.py:330: in test_call_family_member
    assert response.status_code == 200
E   assert 404 == 200
E    +  where 404 = &lt;Response [404]&gt;.status_code</failure></testcase><testcase classname="backend.tests.test_snaproad_api.TestFamilyEndpoints" name="test_message_family_member" time="0.102"><failure message="assert 404 == 200&#10; +  where 404 = &lt;Response [404]&gt;.status_code">backend/tests/test_snaproad_api.py:337: in test_message_family_member
    assert response.status_code == 200
E   assert 404 == 200
E    +  where 404 = &lt;Response [404]&gt;.status_code</failure></testcase><testcase classname="backend.tests.test_snaproad_api.TestFamilyEndpoints" name="test_share_location" time="0.092"><failure message="assert 404 == 200&#10; +  where 404 = &lt;Response [404]&gt;.status_code">backend/tests/test_snaproad_api.py:344: in test_share_location
    assert response.status_code == 200
E   assert 404 == 200
E    +  where 404 = &lt;Response [404]&gt;.status_code</failure></testcase><testcase classname="backend.tests.test_snaproad_api.TestBadgesAndSkinsEndpoints" name="test_get_all_badges" time="0.102"><failure message="AssertionError: assert 'total_earned' in {'categories': ['distance', 'safety', 'community', 'streak', 'achievement', 'special'], 'data': [{'category': 'distance', 'desc': 'Drive your first mile', 'earned': False, 'gems': 10, ...}, {'category': 'distance', 'desc': 'Drive 10 miles total', 'earned': False, 'gems': 25, ...}, {'category': 'distance', 'desc': 'Drive 50 miles total', 'earned': False, 'gems': 50, ...}, {'category': 'distance', 'desc': 'Drive 100 miles total', 'earned': False, 'gems': 100, ...}, {'category': 'distance', 'desc': 'Drive 250 miles total', 'earned': False, 'gems': 150, ...}, {'category': 'distance', 'desc': 'Drive 500 miles total', 'earned': False, 'gems': 200, ...}, ...], 'earned': 0, 'success': True, ...}">backend/tests/test_snaproad_api.py:359: in test_get_all_badges
    assert "total_earned" in data
E   AssertionError: assert 'total_earned' in {'categories': ['distance', 'safety', 'community', 'streak', 'achievement', 'special'], 'data': [{'category': 'distance', 'desc': 'Drive your first mile', 'earned': False, 'gems': 10, ...}, {'category': 'distance', 'desc': 'Drive 10 miles total', 'earned': False, 'gems': 25, ...}, {'category': 'distance', 'desc': 'Drive 50 miles total', 'earned': False, 'gems': 50, ...}, {'category': 'distance', 'desc': 'Drive 100 miles total', 'earned': False, 'gems': 100, ...}, {'category': 'distance', 'desc': 'Drive 250 miles total', 'earned': False, 'gems': 150, ...}, {'category': 'distance', 'desc': 'Drive 500 miles total', 'earned': False, 'gems': 200, ...}, ...], 'earned': 0, 'success': True, ...}</failure></testcase><testcase classname="backend.tests.test_snaproad_api.TestBadgesAndSkinsEndpoints" name="test_get_earned_badges" time="0.105"><failure message="assert False == True">backend/tests/test_snaproad_api.py:368: in test_get_earned_badges
    assert badge["earned"] == True
E   assert False == True</failure></testcase><testcase classname="backend.tests.test_snaproad_api.TestBadgesAndSkinsEndpoints" name="test_get_skins" time="0.098" /><testcase classname="backend.tests.test_snaproad_api.TestBadgesAndSkinsEndpoints" name="test_equip_skin" time="0.097" /><testcase classname="backend.tests.test_snaproad_api.TestBadgesAndSkinsEndpoints" name="test_purchase_skin" time="0.105"><failure message="assert False == True">backend/tests/test_snaproad_api.py:390: in test_purchase_skin
    assert data["success"] == True
E   assert False == True</failure></testcase><testcase classname="backend.tests.test_snaproad_api.TestSettingsEndpoints" name="test_toggle_voice" time="0.094"><failure message="assert 404 == 200&#10; +  where 404 = &lt;Response [404]&gt;.status_code">backend/tests/test_snaproad_api.py:399: in test_toggle_voice
    assert response.status_code == 200
E   assert 404 == 200
E    +  where 404 = &lt;Response [404]&gt;.status_code</failure></testcase><testcase classname="backend.tests.test_snaproad_api.TestSettingsEndpoints" name="test_update_notifications" time="0.096"><failure message="assert 422 == 200&#10; +  where 422 = &lt;Response [422]&gt;.status_code">backend/tests/test_snaproad_api.py:406: in test_update_notifications
    assert response.status_code == 200
E   assert 422 == 200
E    +  where 422 = &lt;Response [422]&gt;.status_code</failure></testcase><testcase classname="backend.tests.test_snaproad_api.TestSettingsEndpoints" name="test_get_all_settings" time="0.107"><failure message="assert 404 == 200&#10; +  where 404 = &lt;Response [404]&gt;.status_code">backend/tests/test_snaproad_api.py:413: in test_get_all_settings
    assert response.status_code == 200
E   assert 404 == 200
E    +  where 404 = &lt;Response [404]&gt;.status_code</failure></testcase></testsuite></testsuites>