<?xml version="1.0" encoding="utf-8"?><testsuites name="pytest tests"><testsuite name="pytest" errors="0" failures="0" skipped="0" tests="11" time="3.202" timestamp="2026-02-22T12:50:04.250594+00:00" hostname="agent-env-086a436b-a742-4d3e-abc6-04f1fbdeac84"><testcase classname="backend.tests.test_snaproad_new_features.TestHealthCheck" name="test_health_returns_healthy" time="0.232" /><testcase classname="backend.tests.test_snaproad_new_features.TestAuth" name="test_login_driver_success" time="0.346" /><testcase classname="backend.tests.test_snaproad_new_features.TestAuth" name="test_login_partner_success" time="0.206" /><testcase classname="backend.tests.test_snaproad_new_features.TestAuth" name="test_login_admin_success" time="0.164" /><testcase classname="backend.tests.test_snaproad_new_features.TestAuth" name="test_login_invalid_credentials" time="0.227" /><testcase classname="backend.tests.test_snaproad_new_features.TestAdminUsersEndpoint" name="test_admin_users_returns_list" time="0.183" /><testcase classname="backend.tests.test_snaproad_new_features.TestAdminUsersEndpoint" name="test_admin_users_data_structure" time="0.169" /><testcase classname="backend.tests.test_snaproad_new_features.TestSupabaseStatus" name="test_supabase_status_endpoint_exists" time="0.518" /><testcase classname="backend.tests.test_snaproad_new_features.TestSupabaseStatus" name="test_supabase_status_has_connected_field" time="0.448" /><testcase classname="backend.tests.test_snaproad_new_features.TestSupabaseStatus" name="test_supabase_status_connected_true" time="0.534" /><testcase classname="backend.tests.test_snaproad_new_features.TestAdminAnalytics" name="test_admin_analytics_returns_data" time="0.103" /></testsuite></testsuites>