<?xml version="1.0" encoding="utf-8"?><testsuites name="pytest tests"><testsuite name="pytest" errors="0" failures="0" skipped="0" tests="27" time="1.339" timestamp="2026-02-08T16:02:55.280800+00:00" hostname="agent-env-f4d0b9f5-b3f1-4d90-8053-61d37489737e"><testcase classname="backend.tests.test_comprehensive_api.TestHealthEndpoint" name="test_health_check" time="0.113" /><testcase classname="backend.tests.test_comprehensive_api.TestUserEndpoints" name="test_get_user_profile" time="0.040" /><testcase classname="backend.tests.test_comprehensive_api.TestUserEndpoints" name="test_get_user_stats" time="0.038" /><testcase classname="backend.tests.test_comprehensive_api.TestUserEndpoints" name="test_get_user_car" time="0.040" /><testcase classname="backend.tests.test_comprehensive_api.TestUserEndpoints" name="test_get_onboarding_status" time="0.042" /><testcase classname="backend.tests.test_comprehensive_api.TestOffersEndpoints" name="test_get_offers" time="0.045" /><testcase classname="backend.tests.test_comprehensive_api.TestOffersEndpoints" name="test_get_nearby_offers" time="0.040" /><testcase classname="backend.tests.test_comprehensive_api.TestOffersEndpoints" name="test_create_offer" time="0.038" /><testcase classname="backend.tests.test_comprehensive_api.TestChallengesEndpoints" name="test_get_challenges" time="0.038" /><testcase classname="backend.tests.test_comprehensive_api.TestBadgesEndpoints" name="test_get_badges" time="0.042" /><testcase classname="backend.tests.test_comprehensive_api.TestBadgesEndpoints" name="test_get_badge_categories" time="0.040" /><testcase classname="backend.tests.test_comprehensive_api.TestLeaderboardEndpoints" name="test_get_leaderboard" time="0.039" /><testcase classname="backend.tests.test_comprehensive_api.TestLeaderboardEndpoints" name="test_get_leaderboard_by_state" time="0.036" /><testcase classname="backend.tests.test_comprehensive_api.TestFriendsEndpoints" name="test_get_friends" time="0.036" /><testcase classname="backend.tests.test_comprehensive_api.TestFriendsEndpoints" name="test_search_user" time="0.035" /><testcase classname="backend.tests.test_comprehensive_api.TestLocationsEndpoints" name="test_get_locations" time="0.036" /><testcase classname="backend.tests.test_comprehensive_api.TestLocationsEndpoints" name="test_add_location" time="0.034" /><testcase classname="backend.tests.test_comprehensive_api.TestRoutesEndpoints" name="test_get_routes" time="0.035" /><testcase classname="backend.tests.test_comprehensive_api.TestRoutesEndpoints" name="test_add_route" time="0.041" /><testcase classname="backend.tests.test_comprehensive_api.TestCarsAndSkinsEndpoints" name="test_get_cars" time="0.079" /><testcase classname="backend.tests.test_comprehensive_api.TestCarsAndSkinsEndpoints" name="test_get_skins" time="0.035" /><testcase classname="backend.tests.test_comprehensive_api.TestWeeklyRecapEndpoint" name="test_get_weekly_recap" time="0.041" /><testcase classname="backend.tests.test_comprehensive_api.TestNavigationEndpoints" name="test_start_navigation" time="0.037" /><testcase classname="backend.tests.test_comprehensive_api.TestNavigationEndpoints" name="test_stop_navigation" time="0.037" /><testcase classname="backend.tests.test_comprehensive_api.TestReportsEndpoints" name="test_get_reports" time="0.035" /><testcase classname="backend.tests.test_comprehensive_api.TestReportsEndpoints" name="test_create_report" time="0.038" /><testcase classname="backend.tests.test_comprehensive_api.TestPlanEndpoints" name="test_select_plan" time="0.041" /></testsuite></testsuites>