<?xml version="1.0" encoding="utf-8"?><testsuites name="pytest tests"><testsuite name="pytest" errors="0" failures="0" skipped="0" tests="16" time="1.381" timestamp="2026-02-08T05:28:29.693640+00:00" hostname="agent-env-c33312f4-eee7-4e69-b899-b829c705b761"><testcase classname="backend.tests.test_plan_selection.TestPricingEndpoints" name="test_get_pricing_returns_config" time="0.083" /><testcase classname="backend.tests.test_plan_selection.TestPricingEndpoints" name="test_admin_update_pricing_founders_price" time="0.086" /><testcase classname="backend.tests.test_plan_selection.TestPricingEndpoints" name="test_admin_update_pricing_public_price" time="0.121" /><testcase classname="backend.tests.test_plan_selection.TestPricingEndpoints" name="test_admin_toggle_founders_pricing" time="0.083" /><testcase classname="backend.tests.test_plan_selection.TestUserPlanEndpoints" name="test_get_user_plan" time="0.044" /><testcase classname="backend.tests.test_plan_selection.TestUserPlanEndpoints" name="test_select_basic_plan" time="0.036" /><testcase classname="backend.tests.test_plan_selection.TestUserPlanEndpoints" name="test_select_premium_plan" time="0.040" /><testcase classname="backend.tests.test_plan_selection.TestUserPlanEndpoints" name="test_invalid_plan_rejected" time="0.039" /><testcase classname="backend.tests.test_plan_selection.TestUserPlanEndpoints" name="test_plan_persists_after_selection" time="0.070" /><testcase classname="backend.tests.test_plan_selection.TestOnboardingStatus" name="test_get_onboarding_status" time="0.080" /><testcase classname="backend.tests.test_plan_selection.TestTripCompletionWithMultiplier" name="test_trip_complete_basic_plan" time="0.080" /><testcase classname="backend.tests.test_plan_selection.TestTripCompletionWithMultiplier" name="test_trip_complete_premium_plan" time="0.116" /><testcase classname="backend.tests.test_plan_selection.TestTripCompletionWithMultiplier" name="test_gems_accumulate_correctly" time="0.157" /><testcase classname="backend.tests.test_plan_selection.TestDiscountCalculation" name="test_discount_percentage_calculation" time="0.042" /><testcase classname="backend.tests.test_plan_selection.TestUserProfilePlanIntegration" name="test_profile_shows_premium_status" time="0.076" /><testcase classname="backend.tests.test_plan_selection.TestUserProfilePlanIntegration" name="test_profile_shows_basic_status" time="0.085" /></testsuite></testsuites>