<?xml version="1.0" encoding="utf-8"?><testsuites name="pytest tests"><testsuite name="pytest" errors="0" failures="1" skipped="0" tests="41" time="8.873" timestamp="2026-02-22T12:16:44.622842+00:00" hostname="agent-env-5767a761-ceb8-401b-9551-862e73b4139f"><testcase classname="tests.test_modular_backend.TestHealthAndRoot" name="test_root_endpoint" time="0.171"><failure message="requests.exceptions.JSONDecodeError: Expecting value: line 1 column 1 (char 0)">/root/.venv/lib/python3.11/site-packages/requests/models.py:976: in json
    return complexjson.loads(self.text, **kwargs)
           ^^^^^^^^^^^^^^^^^^^^^^^^^^^^^^^^^^^^^^
/usr/local/lib/python3.11/json/__init__.py:346: in loads
    return _default_decoder.decode(s)
           ^^^^^^^^^^^^^^^^^^^^^^^^^^
/usr/local/lib/python3.11/json/decoder.py:337: in decode
    obj, end = self.raw_decode(s, idx=_w(s, 0).end())
               ^^^^^^^^^^^^^^^^^^^^^^^^^^^^^^^^^^^^^^
/usr/local/lib/python3.11/json/decoder.py:355: in raw_decode
    raise JSONDecodeError("Expecting value", s, err.value) from None
E   json.decoder.JSONDecodeError: Expecting value: line 1 column 1 (char 0)

During handling of the above exception, another exception occurred:
tests/test_modular_backend.py:18: in test_root_endpoint
    data = response.json()
           ^^^^^^^^^^^^^^^
/root/.venv/lib/python3.11/site-packages/requests/models.py:980: in json
    raise RequestsJSONDecodeError(e.msg, e.doc, e.pos)
E   requests.exceptions.JSONDecodeError: Expecting value: line 1 column 1 (char 0)</failure></testcase><testcase classname="tests.test_modular_backend.TestHealthAndRoot" name="test_health_endpoint" time="0.103" /><testcase classname="tests.test_modular_backend.TestAuthRoutes" name="test_driver_login_success" time="0.117" /><testcase classname="tests.test_modular_backend.TestAuthRoutes" name="test_partner_login_success" time="0.109" /><testcase classname="tests.test_modular_backend.TestAuthRoutes" name="test_admin_login_success" time="0.116" /><testcase classname="tests.test_modular_backend.TestAuthRoutes" name="test_login_invalid_credentials" time="0.119" /><testcase classname="tests.test_modular_backend.TestAuthRoutes" name="test_signup_new_user" time="0.102" /><testcase classname="tests.test_modular_backend.TestUserRoutes" name="test_get_user_profile" time="0.121" /><testcase classname="tests.test_modular_backend.TestUserRoutes" name="test_get_user_stats" time="0.096" /><testcase classname="tests.test_modular_backend.TestUserRoutes" name="test_get_onboarding_status" time="0.094" /><testcase classname="tests.test_modular_backend.TestUserRoutes" name="test_get_pricing" time="0.094" /><testcase classname="tests.test_modular_backend.TestOfferRoutes" name="test_get_all_offers" time="0.153" /><testcase classname="tests.test_modular_backend.TestOfferRoutes" name="test_get_nearby_offers" time="0.104" /><testcase classname="tests.test_modular_backend.TestOfferRoutes" name="test_get_offers_on_route" time="0.091" /><testcase classname="tests.test_modular_backend.TestOfferRoutes" name="test_redeem_offer" time="0.202" /><testcase classname="tests.test_modular_backend.TestGamificationRoutes" name="test_get_challenges" time="0.136" /><testcase classname="tests.test_modular_backend.TestGamificationRoutes" name="test_get_leaderboard" time="0.095" /><testcase classname="tests.test_modular_backend.TestGamificationRoutes" name="test_get_badges" time="0.099" /><testcase classname="tests.test_modular_backend.TestGamificationRoutes" name="test_get_xp_status" time="0.100" /><testcase classname="tests.test_modular_backend.TestGamificationRoutes" name="test_get_driving_score" time="0.093" /><testcase classname="tests.test_modular_backend.TestGamificationRoutes" name="test_get_weekly_recap" time="0.105" /><testcase classname="tests.test_modular_backend.TestTripRoutes" name="test_get_trip_history" time="0.102" /><testcase classname="tests.test_modular_backend.TestTripRoutes" name="test_get_fuel_history" time="0.109" /><testcase classname="tests.test_modular_backend.TestPartnerRoutes" name="test_get_partner_profile" time="0.103" /><testcase classname="tests.test_modular_backend.TestPartnerRoutes" name="test_get_partner_offers" time="0.099" /><testcase classname="tests.test_modular_backend.TestPartnerRoutes" name="test_get_partner_plans" time="0.106" /><testcase classname="tests.test_modular_backend.TestAdminRoutes" name="test_get_admin_analytics" time="0.095" /><testcase classname="tests.test_modular_backend.TestAdminRoutes" name="test_get_admin_pricing" time="0.097" /><testcase classname="tests.test_modular_backend.TestAdminRoutes" name="test_get_analytics_dashboard" time="0.103" /><testcase classname="tests.test_modular_backend.TestNavigationRoutes" name="test_map_search_shell" time="0.092" /><testcase classname="tests.test_modular_backend.TestNavigationRoutes" name="test_map_search_starbucks" time="0.100" /><testcase classname="tests.test_modular_backend.TestNavigationRoutes" name="test_get_saved_locations" time="0.093" /><testcase classname="tests.test_modular_backend.TestNavigationRoutes" name="test_get_saved_routes" time="0.100" /><testcase classname="tests.test_modular_backend.TestSocialRoutes" name="test_get_friends" time="0.111" /><testcase classname="tests.test_modular_backend.TestSocialRoutes" name="test_get_road_reports" time="0.091" /><testcase classname="tests.test_modular_backend.TestSocialRoutes" name="test_get_family_members" time="0.106" /><testcase classname="tests.test_modular_backend.TestAIRoutes" name="test_orion_chat" time="2.955" /><testcase classname="tests.test_modular_backend.TestAIRoutes" name="test_photo_analyze" time="1.392" /><testcase classname="tests.test_modular_backend.TestGemsRoutes" name="test_generate_route_gems" time="0.100" /><testcase classname="tests.test_modular_backend.TestGemsRoutes" name="test_gem_trip_summary" time="0.241" /><testcase classname="tests.test_modular_backend.TestBulkOfferUpload" name="test_bulk_offer_upload" time="0.111" /></testsuite></testsuites>